#
# There is insufficient memory for the Java Runtime Environment to continue.
# Native memory allocation (malloc) failed to allocate 1593456 bytes for Chunk::new
# Possible reasons:
#   The system is out of physical RAM or swap space
#   The process is running with CompressedOops enabled, and the Java Heap may be blocking the growth of the native heap
# Possible solutions:
#   Reduce memory load on the system
#   Increase physical memory or swap space
#   Check if swap backing store is full
#   Decrease Java heap size (-Xmx/-Xms)
#   Decrease number of Java threads
#   Decrease Java thread stack sizes (-Xss)
#   Set larger code cache with -XX:ReservedCodeCacheSize=
#   JVM is running with Unscaled Compressed Oops mode in which the Java heap is
#     placed in the first 4GB address space. The Java Heap base address is the
#     maximum limit for the native heap growth. Please use -XX:HeapBaseMinAddress
#     to set the Java Heap base and to place the Java Heap above 4GB virtual address.
# This output file may be truncated or incomplete.
#
#  Out of Memory Error (arena.cpp:191), pid=6464, tid=1760
#
# JRE version: OpenJDK Runtime Environment Temurin-17.0.9+9 (17.0.9+9) (build 17.0.9+9)
# Java VM: OpenJDK 64-Bit Server VM Temurin-17.0.9+9 (17.0.9+9, mixed mode, sharing, tiered, compressed oops, compressed class ptrs, g1 gc, windows-amd64)
# No core dump will be written. Minidumps are not enabled by default on client versions of Windows
#

---------------  S U M M A R Y ------------

Command Line: -javaagent:C:\Program Files\JetBrains\IntelliJ IDEA Community Edition 2023.2.5\lib\idea_rt.jar=49723:C:\Program Files\JetBrains\IntelliJ IDEA Community Edition 2023.2.5\bin -Dfile.encoding=UTF-8 lt.techin.demo.DemoApplication

Host: Intel(R) Core(TM) i5-3437U CPU @ 1.90GHz, 4 cores, 7G,  Windows 10 , 64 bit Build 17763 (10.0.17763.475)
Time: Fri Jan 19 13:50:17 2024 FLE Standard Time elapsed time: 6.425611 seconds (0d 0h 0m 6s)

---------------  T H R E A D  ---------------

Current thread (0x000002d741afdfc0):  JavaThread "C2 CompilerThread0" daemon [_thread_in_native, id=1760, stack(0x000000e4bba00000,0x000000e4bbb00000)]


Current CompileTask:
C2:   6425 2764   !   4       jdk.internal.loader.BuiltinClassLoader::loadClassOrNull (143 bytes)

Stack: [0x000000e4bba00000,0x000000e4bbb00000]
Native frames: (J=compiled Java code, j=interpreted, Vv=VM code, C=native code)
V  [jvm.dll+0x67cf49]
V  [jvm.dll+0x83478a]
V  [jvm.dll+0x83624e]
V  [jvm.dll+0x8368b3]
V  [jvm.dll+0x247f1f]
V  [jvm.dll+0xac43c]
V  [jvm.dll+0xaca8c]
V  [jvm.dll+0x367012]
V  [jvm.dll+0x3313ba]
V  [jvm.dll+0x33085a]
V  [jvm.dll+0x21a5b1]
V  [jvm.dll+0x2199d1]
V  [jvm.dll+0x1a57cd]
V  [jvm.dll+0x2297ae]
V  [jvm.dll+0x22797c]
V  [jvm.dll+0x7e9877]
V  [jvm.dll+0x7e3c3a]
V  [jvm.dll+0x67be35]
C  [ucrtbase.dll+0x21ffa]
C  [KERNEL32.DLL+0x17974]
C  [ntdll.dll+0x6a271]


---------------  P R O C E S S  ---------------

Threads class SMR info:
_java_thread_list=0x000002d787f372f0, length=14, elements={
0x000002d72404ad40, 0x000002d741aea690, 0x000002d741aebfe0, 0x000002d741af9790,
0x000002d741afa160, 0x000002d741afca40, 0x000002d741afd310, 0x000002d741afdfc0,
0x000002d741b66860, 0x000002d7870039a0, 0x000002d741ad3040, 0x000002d78731d220,
0x000002d78731d700, 0x000002d7878f78b0
}

Java Threads: ( => current thread )
  0x000002d72404ad40 JavaThread "main" [_thread_in_vm, id=5692, stack(0x000000e4bac00000,0x000000e4bad00000)]
  0x000002d741aea690 JavaThread "Reference Handler" daemon [_thread_blocked, id=6028, stack(0x000000e4bb300000,0x000000e4bb400000)]
  0x000002d741aebfe0 JavaThread "Finalizer" daemon [_thread_blocked, id=6480, stack(0x000000e4bb400000,0x000000e4bb500000)]
  0x000002d741af9790 JavaThread "Signal Dispatcher" daemon [_thread_blocked, id=11284, stack(0x000000e4bb600000,0x000000e4bb700000)]
  0x000002d741afa160 JavaThread "Attach Listener" daemon [_thread_blocked, id=11908, stack(0x000000e4bb700000,0x000000e4bb800000)]
  0x000002d741afca40 JavaThread "Service Thread" daemon [_thread_blocked, id=8300, stack(0x000000e4bb800000,0x000000e4bb900000)]
  0x000002d741afd310 JavaThread "Monitor Deflation Thread" daemon [_thread_blocked, id=752, stack(0x000000e4bb900000,0x000000e4bba00000)]
=>0x000002d741afdfc0 JavaThread "C2 CompilerThread0" daemon [_thread_in_native, id=1760, stack(0x000000e4bba00000,0x000000e4bbb00000)]
  0x000002d741b66860 JavaThread "C1 CompilerThread0" daemon [_thread_blocked, id=5568, stack(0x000000e4bbb00000,0x000000e4bbc00000)]
  0x000002d7870039a0 JavaThread "Sweeper thread" daemon [_thread_blocked, id=4880, stack(0x000000e4bbc00000,0x000000e4bbd00000)]
  0x000002d741ad3040 JavaThread "Common-Cleaner" daemon [_thread_blocked, id=9980, stack(0x000000e4bbd00000,0x000000e4bbe00000)]
  0x000002d78731d220 JavaThread "Monitor Ctrl-Break" daemon [_thread_in_native, id=4892, stack(0x000000e4bbe00000,0x000000e4bbf00000)]
  0x000002d78731d700 JavaThread "Notification Thread" daemon [_thread_blocked, id=12104, stack(0x000000e4bbf00000,0x000000e4bc000000)]
  0x000002d7878f78b0 JavaThread "C2 CompilerThread1" daemon [_thread_in_native, id=1120, stack(0x000000e4bc400000,0x000000e4bc500000)]

Other Threads:
  0x000002d741ae3ba0 VMThread "VM Thread" [stack: 0x000000e4bb200000,0x000000e4bb300000] [id=5324]
  0x000002d787295890 WatcherThread [stack: 0x000000e4bc000000,0x000000e4bc100000] [id=6808]
  0x000002d7240a41f0 GCTaskThread "GC Thread#0" [stack: 0x000000e4bad00000,0x000000e4bae00000] [id=7812]
  0x000002d7878e4310 GCTaskThread "GC Thread#1" [stack: 0x000000e4bc100000,0x000000e4bc200000] [id=11468]
  0x000002d7878e45d0 GCTaskThread "GC Thread#2" [stack: 0x000000e4bc200000,0x000000e4bc300000] [id=468]
  0x000002d7873c11d0 GCTaskThread "GC Thread#3" [stack: 0x000000e4bc300000,0x000000e4bc400000] [id=10892]
  0x000002d7240b5c20 ConcurrentGCThread "G1 Main Marker" [stack: 0x000000e4bae00000,0x000000e4baf00000] [id=9684]
  0x000002d7240b6550 ConcurrentGCThread "G1 Conc#0" [stack: 0x000000e4baf00000,0x000000e4bb000000] [id=8764]
  0x000002d7240f94c0 ConcurrentGCThread "G1 Refine#0" [stack: 0x000000e4bb000000,0x000000e4bb100000] [id=10212]
  0x000002d7419a30d0 ConcurrentGCThread "G1 Service" [stack: 0x000000e4bb100000,0x000000e4bb200000] [id=6324]

Threads with active compile tasks:
C2 CompilerThread0     6442 2764   !   4       jdk.internal.loader.BuiltinClassLoader::loadClassOrNull (143 bytes)
C2 CompilerThread1     6442 2771       4       java.lang.invoke.MethodType::makeImpl (109 bytes)

VM state: not at safepoint (normal execution)

VM Mutex/Monitor currently owned by a thread:  ([mutex/lock_event])
[0x000002d724042e50] Metaspace_lock - owner thread: 0x000002d72404ad40

Heap address: 0x0000000082200000, size: 2014 MB, Compressed Oops mode: 32-bit

CDS archive(s) mapped at: [0x000002d742000000-0x000002d742ba0000-0x000002d742ba0000), size 12189696, SharedBaseAddress: 0x000002d742000000, ArchiveRelocationMode: 1.
Compressed class space mapped at: 0x000002d743000000-0x000002d783000000, reserved size: 1073741824
Narrow klass base: 0x000002d742000000, Narrow klass shift: 0, Narrow klass range: 0x100000000

GC Precious Log:
 CPUs: 4 total, 4 available
 Memory: 8055M
 Large Page Support: Disabled
 NUMA Support: Disabled
 Compressed Oops: Enabled (32-bit)
 Heap Region Size: 1M
 Heap Min Capacity: 8M
 Heap Initial Capacity: 126M
 Heap Max Capacity: 2014M
 Pre-touch: Disabled
 Parallel Workers: 4
 Concurrent Workers: 1
 Concurrent Refinement Workers: 4
 Periodic GC: Disabled

Heap:
 garbage-first heap   total 129024K, used 59207K [0x0000000082200000, 0x0000000100000000)
  region size 1024K, 57 young (58368K), 2 survivors (2048K)
 Metaspace       used 19714K, committed 20096K, reserved 1114112K
  class space    used 2427K, committed 2624K, reserved 1048576K

Heap Regions: E=young(eden), S=young(survivor), O=old, HS=humongous(starts), HC=humongous(continues), CS=collection set, F=free, OA=open archive, CA=closed archive, TAMS=top-at-mark-start (previous, next)
|   0|0x0000000082200000, 0x0000000082300000, 0x0000000082300000|100%| O|  |TAMS 0x0000000082200000, 0x0000000082200000| Untracked 
|   1|0x0000000082300000, 0x0000000082400000, 0x0000000082400000|100%| O|  |TAMS 0x0000000082300000, 0x0000000082300000| Untracked 
|   2|0x0000000082400000, 0x0000000082500000, 0x0000000082500000|100%| O|  |TAMS 0x0000000082400000, 0x0000000082400000| Untracked 
|   3|0x0000000082500000, 0x000000008259b400, 0x0000000082600000| 60%| O|  |TAMS 0x0000000082500000, 0x0000000082500000| Untracked 
|   4|0x0000000082600000, 0x0000000082600000, 0x0000000082700000|  0%| F|  |TAMS 0x0000000082600000, 0x0000000082600000| Untracked 
|   5|0x0000000082700000, 0x0000000082700000, 0x0000000082800000|  0%| F|  |TAMS 0x0000000082700000, 0x0000000082700000| Untracked 
|   6|0x0000000082800000, 0x0000000082800000, 0x0000000082900000|  0%| F|  |TAMS 0x0000000082800000, 0x0000000082800000| Untracked 
|   7|0x0000000082900000, 0x0000000082900000, 0x0000000082a00000|  0%| F|  |TAMS 0x0000000082900000, 0x0000000082900000| Untracked 
|   8|0x0000000082a00000, 0x0000000082a00000, 0x0000000082b00000|  0%| F|  |TAMS 0x0000000082a00000, 0x0000000082a00000| Untracked 
|   9|0x0000000082b00000, 0x0000000082b00000, 0x0000000082c00000|  0%| F|  |TAMS 0x0000000082b00000, 0x0000000082b00000| Untracked 
|  10|0x0000000082c00000, 0x0000000082c00000, 0x0000000082d00000|  0%| F|  |TAMS 0x0000000082c00000, 0x0000000082c00000| Untracked 
|  11|0x0000000082d00000, 0x0000000082d00000, 0x0000000082e00000|  0%| F|  |TAMS 0x0000000082d00000, 0x0000000082d00000| Untracked 
|  12|0x0000000082e00000, 0x0000000082e00000, 0x0000000082f00000|  0%| F|  |TAMS 0x0000000082e00000, 0x0000000082e00000| Untracked 
|  13|0x0000000082f00000, 0x0000000082f00000, 0x0000000083000000|  0%| F|  |TAMS 0x0000000082f00000, 0x0000000082f00000| Untracked 
|  14|0x0000000083000000, 0x0000000083000000, 0x0000000083100000|  0%| F|  |TAMS 0x0000000083000000, 0x0000000083000000| Untracked 
|  15|0x0000000083100000, 0x0000000083100000, 0x0000000083200000|  0%| F|  |TAMS 0x0000000083100000, 0x0000000083100000| Untracked 
|  16|0x0000000083200000, 0x0000000083200000, 0x0000000083300000|  0%| F|  |TAMS 0x0000000083200000, 0x0000000083200000| Untracked 
|  17|0x0000000083300000, 0x0000000083300000, 0x0000000083400000|  0%| F|  |TAMS 0x0000000083300000, 0x0000000083300000| Untracked 
|  18|0x0000000083400000, 0x0000000083400000, 0x0000000083500000|  0%| F|  |TAMS 0x0000000083400000, 0x0000000083400000| Untracked 
|  19|0x0000000083500000, 0x0000000083500000, 0x0000000083600000|  0%| F|  |TAMS 0x0000000083500000, 0x0000000083500000| Untracked 
|  20|0x0000000083600000, 0x0000000083600000, 0x0000000083700000|  0%| F|  |TAMS 0x0000000083600000, 0x0000000083600000| Untracked 
|  21|0x0000000083700000, 0x0000000083700000, 0x0000000083800000|  0%| F|  |TAMS 0x0000000083700000, 0x0000000083700000| Untracked 
|  22|0x0000000083800000, 0x0000000083800000, 0x0000000083900000|  0%| F|  |TAMS 0x0000000083800000, 0x0000000083800000| Untracked 
|  23|0x0000000083900000, 0x0000000083900000, 0x0000000083a00000|  0%| F|  |TAMS 0x0000000083900000, 0x0000000083900000| Untracked 
|  24|0x0000000083a00000, 0x0000000083a00000, 0x0000000083b00000|  0%| F|  |TAMS 0x0000000083a00000, 0x0000000083a00000| Untracked 
|  25|0x0000000083b00000, 0x0000000083b00000, 0x0000000083c00000|  0%| F|  |TAMS 0x0000000083b00000, 0x0000000083b00000| Untracked 
|  26|0x0000000083c00000, 0x0000000083c00000, 0x0000000083d00000|  0%| F|  |TAMS 0x0000000083c00000, 0x0000000083c00000| Untracked 
|  27|0x0000000083d00000, 0x0000000083d00000, 0x0000000083e00000|  0%| F|  |TAMS 0x0000000083d00000, 0x0000000083d00000| Untracked 
|  28|0x0000000083e00000, 0x0000000083e00000, 0x0000000083f00000|  0%| F|  |TAMS 0x0000000083e00000, 0x0000000083e00000| Untracked 
|  29|0x0000000083f00000, 0x0000000083f00000, 0x0000000084000000|  0%| F|  |TAMS 0x0000000083f00000, 0x0000000083f00000| Untracked 
|  30|0x0000000084000000, 0x0000000084000000, 0x0000000084100000|  0%| F|  |TAMS 0x0000000084000000, 0x0000000084000000| Untracked 
|  31|0x0000000084100000, 0x0000000084100000, 0x0000000084200000|  0%| F|  |TAMS 0x0000000084100000, 0x0000000084100000| Untracked 
|  32|0x0000000084200000, 0x0000000084200000, 0x0000000084300000|  0%| F|  |TAMS 0x0000000084200000, 0x0000000084200000| Untracked 
|  33|0x0000000084300000, 0x0000000084300000, 0x0000000084400000|  0%| F|  |TAMS 0x0000000084300000, 0x0000000084300000| Untracked 
|  34|0x0000000084400000, 0x0000000084400000, 0x0000000084500000|  0%| F|  |TAMS 0x0000000084400000, 0x0000000084400000| Untracked 
|  35|0x0000000084500000, 0x0000000084500000, 0x0000000084600000|  0%| F|  |TAMS 0x0000000084500000, 0x0000000084500000| Untracked 
|  36|0x0000000084600000, 0x0000000084600000, 0x0000000084700000|  0%| F|  |TAMS 0x0000000084600000, 0x0000000084600000| Untracked 
|  37|0x0000000084700000, 0x0000000084700000, 0x0000000084800000|  0%| F|  |TAMS 0x0000000084700000, 0x0000000084700000| Untracked 
|  38|0x0000000084800000, 0x0000000084800000, 0x0000000084900000|  0%| F|  |TAMS 0x0000000084800000, 0x0000000084800000| Untracked 
|  39|0x0000000084900000, 0x0000000084900000, 0x0000000084a00000|  0%| F|  |TAMS 0x0000000084900000, 0x0000000084900000| Untracked 
|  40|0x0000000084a00000, 0x0000000084a00000, 0x0000000084b00000|  0%| F|  |TAMS 0x0000000084a00000, 0x0000000084a00000| Untracked 
|  41|0x0000000084b00000, 0x0000000084b00000, 0x0000000084c00000|  0%| F|  |TAMS 0x0000000084b00000, 0x0000000084b00000| Untracked 
|  42|0x0000000084c00000, 0x0000000084c00000, 0x0000000084d00000|  0%| F|  |TAMS 0x0000000084c00000, 0x0000000084c00000| Untracked 
|  43|0x0000000084d00000, 0x0000000084d00000, 0x0000000084e00000|  0%| F|  |TAMS 0x0000000084d00000, 0x0000000084d00000| Untracked 
|  44|0x0000000084e00000, 0x0000000084e00000, 0x0000000084f00000|  0%| F|  |TAMS 0x0000000084e00000, 0x0000000084e00000| Untracked 
|  45|0x0000000084f00000, 0x0000000084f00000, 0x0000000085000000|  0%| F|  |TAMS 0x0000000084f00000, 0x0000000084f00000| Untracked 
|  46|0x0000000085000000, 0x0000000085000000, 0x0000000085100000|  0%| F|  |TAMS 0x0000000085000000, 0x0000000085000000| Untracked 
|  47|0x0000000085100000, 0x0000000085100000, 0x0000000085200000|  0%| F|  |TAMS 0x0000000085100000, 0x0000000085100000| Untracked 
|  48|0x0000000085200000, 0x0000000085200000, 0x0000000085300000|  0%| F|  |TAMS 0x0000000085200000, 0x0000000085200000| Untracked 
|  49|0x0000000085300000, 0x0000000085300000, 0x0000000085400000|  0%| F|  |TAMS 0x0000000085300000, 0x0000000085300000| Untracked 
|  50|0x0000000085400000, 0x0000000085400000, 0x0000000085500000|  0%| F|  |TAMS 0x0000000085400000, 0x0000000085400000| Untracked 
|  51|0x0000000085500000, 0x0000000085500000, 0x0000000085600000|  0%| F|  |TAMS 0x0000000085500000, 0x0000000085500000| Untracked 
|  52|0x0000000085600000, 0x0000000085600000, 0x0000000085700000|  0%| F|  |TAMS 0x0000000085600000, 0x0000000085600000| Untracked 
|  53|0x0000000085700000, 0x0000000085700000, 0x0000000085800000|  0%| F|  |TAMS 0x0000000085700000, 0x0000000085700000| Untracked 
|  54|0x0000000085800000, 0x0000000085800000, 0x0000000085900000|  0%| F|  |TAMS 0x0000000085800000, 0x0000000085800000| Untracked 
|  55|0x0000000085900000, 0x0000000085900000, 0x0000000085a00000|  0%| F|  |TAMS 0x0000000085900000, 0x0000000085900000| Untracked 
|  56|0x0000000085a00000, 0x0000000085a00000, 0x0000000085b00000|  0%| F|  |TAMS 0x0000000085a00000, 0x0000000085a00000| Untracked 
|  57|0x0000000085b00000, 0x0000000085b00000, 0x0000000085c00000|  0%| F|  |TAMS 0x0000000085b00000, 0x0000000085b00000| Untracked 
|  58|0x0000000085c00000, 0x0000000085c00000, 0x0000000085d00000|  0%| F|  |TAMS 0x0000000085c00000, 0x0000000085c00000| Untracked 
|  59|0x0000000085d00000, 0x0000000085d00000, 0x0000000085e00000|  0%| F|  |TAMS 0x0000000085d00000, 0x0000000085d00000| Untracked 
|  60|0x0000000085e00000, 0x0000000085e00000, 0x0000000085f00000|  0%| F|  |TAMS 0x0000000085e00000, 0x0000000085e00000| Untracked 
|  61|0x0000000085f00000, 0x0000000085f00000, 0x0000000086000000|  0%| F|  |TAMS 0x0000000085f00000, 0x0000000085f00000| Untracked 
|  62|0x0000000086000000, 0x0000000086000000, 0x0000000086100000|  0%| F|  |TAMS 0x0000000086000000, 0x0000000086000000| Untracked 
|  63|0x0000000086100000, 0x0000000086100000, 0x0000000086200000|  0%| F|  |TAMS 0x0000000086100000, 0x0000000086100000| Untracked 
|  64|0x0000000086200000, 0x0000000086200000, 0x0000000086300000|  0%| F|  |TAMS 0x0000000086200000, 0x0000000086200000| Untracked 
|  65|0x0000000086300000, 0x0000000086300000, 0x0000000086400000|  0%| F|  |TAMS 0x0000000086300000, 0x0000000086300000| Untracked 
|  66|0x0000000086400000, 0x0000000086400000, 0x0000000086500000|  0%| F|  |TAMS 0x0000000086400000, 0x0000000086400000| Untracked 
|  67|0x0000000086500000, 0x0000000086500000, 0x0000000086600000|  0%| F|  |TAMS 0x0000000086500000, 0x0000000086500000| Untracked 
|  68|0x0000000086600000, 0x0000000086600000, 0x0000000086700000|  0%| F|  |TAMS 0x0000000086600000, 0x0000000086600000| Untracked 
|  69|0x0000000086700000, 0x0000000086780800, 0x0000000086800000| 50%| E|  |TAMS 0x0000000086700000, 0x0000000086700000| Complete 
|  70|0x0000000086800000, 0x0000000086900000, 0x0000000086900000|100%| E|CS|TAMS 0x0000000086800000, 0x0000000086800000| Complete 
|  71|0x0000000086900000, 0x0000000086a00000, 0x0000000086a00000|100%| E|CS|TAMS 0x0000000086900000, 0x0000000086900000| Complete 
|  72|0x0000000086a00000, 0x0000000086b00000, 0x0000000086b00000|100%| E|CS|TAMS 0x0000000086a00000, 0x0000000086a00000| Complete 
|  73|0x0000000086b00000, 0x0000000086c00000, 0x0000000086c00000|100%| E|CS|TAMS 0x0000000086b00000, 0x0000000086b00000| Complete 
|  74|0x0000000086c00000, 0x0000000086d00000, 0x0000000086d00000|100%| E|CS|TAMS 0x0000000086c00000, 0x0000000086c00000| Complete 
|  75|0x0000000086d00000, 0x0000000086e00000, 0x0000000086e00000|100%| E|CS|TAMS 0x0000000086d00000, 0x0000000086d00000| Complete 
|  76|0x0000000086e00000, 0x0000000086f00000, 0x0000000086f00000|100%| E|CS|TAMS 0x0000000086e00000, 0x0000000086e00000| Complete 
|  77|0x0000000086f00000, 0x0000000087000000, 0x0000000087000000|100%| E|CS|TAMS 0x0000000086f00000, 0x0000000086f00000| Complete 
|  78|0x0000000087000000, 0x0000000087100000, 0x0000000087100000|100%| E|CS|TAMS 0x0000000087000000, 0x0000000087000000| Complete 
|  79|0x0000000087100000, 0x0000000087200000, 0x0000000087200000|100%| E|CS|TAMS 0x0000000087100000, 0x0000000087100000| Complete 
|  80|0x0000000087200000, 0x0000000087300000, 0x0000000087300000|100%| E|CS|TAMS 0x0000000087200000, 0x0000000087200000| Complete 
|  81|0x0000000087300000, 0x0000000087400000, 0x0000000087400000|100%| E|CS|TAMS 0x0000000087300000, 0x0000000087300000| Complete 
|  82|0x0000000087400000, 0x0000000087500000, 0x0000000087500000|100%| E|CS|TAMS 0x0000000087400000, 0x0000000087400000| Complete 
|  83|0x0000000087500000, 0x0000000087600000, 0x0000000087600000|100%| E|CS|TAMS 0x0000000087500000, 0x0000000087500000| Complete 
|  84|0x0000000087600000, 0x0000000087700000, 0x0000000087700000|100%| E|CS|TAMS 0x0000000087600000, 0x0000000087600000| Complete 
|  85|0x0000000087700000, 0x0000000087800000, 0x0000000087800000|100%| E|CS|TAMS 0x0000000087700000, 0x0000000087700000| Complete 
|  86|0x0000000087800000, 0x0000000087900000, 0x0000000087900000|100%| E|CS|TAMS 0x0000000087800000, 0x0000000087800000| Complete 
|  87|0x0000000087900000, 0x0000000087a00000, 0x0000000087a00000|100%| E|CS|TAMS 0x0000000087900000, 0x0000000087900000| Complete 
|  88|0x0000000087a00000, 0x0000000087b00000, 0x0000000087b00000|100%| E|CS|TAMS 0x0000000087a00000, 0x0000000087a00000| Complete 
|  89|0x0000000087b00000, 0x0000000087c00000, 0x0000000087c00000|100%| E|CS|TAMS 0x0000000087b00000, 0x0000000087b00000| Complete 
|  90|0x0000000087c00000, 0x0000000087d00000, 0x0000000087d00000|100%| E|CS|TAMS 0x0000000087c00000, 0x0000000087c00000| Complete 
|  91|0x0000000087d00000, 0x0000000087e00000, 0x0000000087e00000|100%| E|CS|TAMS 0x0000000087d00000, 0x0000000087d00000| Complete 
|  92|0x0000000087e00000, 0x0000000087f00000, 0x0000000087f00000|100%| E|CS|TAMS 0x0000000087e00000, 0x0000000087e00000| Complete 
|  93|0x0000000087f00000, 0x0000000088000000, 0x0000000088000000|100%| E|  |TAMS 0x0000000087f00000, 0x0000000087f00000| Complete 
|  94|0x0000000088000000, 0x0000000088100000, 0x0000000088100000|100%| E|CS|TAMS 0x0000000088000000, 0x0000000088000000| Complete 
|  95|0x0000000088100000, 0x0000000088200000, 0x0000000088200000|100%| E|CS|TAMS 0x0000000088100000, 0x0000000088100000| Complete 
|  96|0x0000000088200000, 0x0000000088300000, 0x0000000088300000|100%| E|CS|TAMS 0x0000000088200000, 0x0000000088200000| Complete 
|  97|0x0000000088300000, 0x0000000088400000, 0x0000000088400000|100%| E|CS|TAMS 0x0000000088300000, 0x0000000088300000| Complete 
|  98|0x0000000088400000, 0x0000000088500000, 0x0000000088500000|100%| E|CS|TAMS 0x0000000088400000, 0x0000000088400000| Complete 
|  99|0x0000000088500000, 0x0000000088600000, 0x0000000088600000|100%| E|CS|TAMS 0x0000000088500000, 0x0000000088500000| Complete 
| 100|0x0000000088600000, 0x0000000088700000, 0x0000000088700000|100%| E|CS|TAMS 0x0000000088600000, 0x0000000088600000| Complete 
| 101|0x0000000088700000, 0x0000000088800000, 0x0000000088800000|100%| E|CS|TAMS 0x0000000088700000, 0x0000000088700000| Complete 
| 102|0x0000000088800000, 0x0000000088900000, 0x0000000088900000|100%| E|CS|TAMS 0x0000000088800000, 0x0000000088800000| Complete 
| 103|0x0000000088900000, 0x0000000088a00000, 0x0000000088a00000|100%| E|CS|TAMS 0x0000000088900000, 0x0000000088900000| Complete 
| 104|0x0000000088a00000, 0x0000000088b00000, 0x0000000088b00000|100%| E|CS|TAMS 0x0000000088a00000, 0x0000000088a00000| Complete 
| 105|0x0000000088b00000, 0x0000000088c00000, 0x0000000088c00000|100%| E|CS|TAMS 0x0000000088b00000, 0x0000000088b00000| Complete 
| 106|0x0000000088c00000, 0x0000000088d00000, 0x0000000088d00000|100%| E|CS|TAMS 0x0000000088c00000, 0x0000000088c00000| Complete 
| 107|0x0000000088d00000, 0x0000000088e00000, 0x0000000088e00000|100%| E|CS|TAMS 0x0000000088d00000, 0x0000000088d00000| Complete 
| 108|0x0000000088e00000, 0x0000000088e36ac0, 0x0000000088f00000| 21%| S|CS|TAMS 0x0000000088e00000, 0x0000000088e00000| Complete 
| 109|0x0000000088f00000, 0x0000000089000000, 0x0000000089000000|100%| S|CS|TAMS 0x0000000088f00000, 0x0000000088f00000| Complete 
| 110|0x0000000089000000, 0x0000000089100000, 0x0000000089100000|100%| E|CS|TAMS 0x0000000089000000, 0x0000000089000000| Complete 
| 111|0x0000000089100000, 0x0000000089200000, 0x0000000089200000|100%| E|CS|TAMS 0x0000000089100000, 0x0000000089100000| Complete 
| 112|0x0000000089200000, 0x0000000089300000, 0x0000000089300000|100%| E|CS|TAMS 0x0000000089200000, 0x0000000089200000| Complete 
| 113|0x0000000089300000, 0x0000000089400000, 0x0000000089400000|100%| E|CS|TAMS 0x0000000089300000, 0x0000000089300000| Complete 
| 114|0x0000000089400000, 0x0000000089500000, 0x0000000089500000|100%| E|CS|TAMS 0x0000000089400000, 0x0000000089400000| Complete 
| 115|0x0000000089500000, 0x0000000089600000, 0x0000000089600000|100%| E|CS|TAMS 0x0000000089500000, 0x0000000089500000| Complete 
| 116|0x0000000089600000, 0x0000000089700000, 0x0000000089700000|100%| E|CS|TAMS 0x0000000089600000, 0x0000000089600000| Complete 
| 117|0x0000000089700000, 0x0000000089800000, 0x0000000089800000|100%| E|CS|TAMS 0x0000000089700000, 0x0000000089700000| Complete 
| 118|0x0000000089800000, 0x0000000089900000, 0x0000000089900000|100%| E|CS|TAMS 0x0000000089800000, 0x0000000089800000| Complete 
| 119|0x0000000089900000, 0x0000000089a00000, 0x0000000089a00000|100%| E|CS|TAMS 0x0000000089900000, 0x0000000089900000| Complete 
| 120|0x0000000089a00000, 0x0000000089b00000, 0x0000000089b00000|100%| E|CS|TAMS 0x0000000089a00000, 0x0000000089a00000| Complete 
| 121|0x0000000089b00000, 0x0000000089c00000, 0x0000000089c00000|100%| E|CS|TAMS 0x0000000089b00000, 0x0000000089b00000| Complete 
| 122|0x0000000089c00000, 0x0000000089d00000, 0x0000000089d00000|100%| E|CS|TAMS 0x0000000089c00000, 0x0000000089c00000| Complete 
| 123|0x0000000089d00000, 0x0000000089e00000, 0x0000000089e00000|100%| E|CS|TAMS 0x0000000089d00000, 0x0000000089d00000| Complete 
| 124|0x0000000089e00000, 0x0000000089f00000, 0x0000000089f00000|100%| E|CS|TAMS 0x0000000089e00000, 0x0000000089e00000| Complete 
| 125|0x0000000089f00000, 0x000000008a000000, 0x000000008a000000|100%| E|CS|TAMS 0x0000000089f00000, 0x0000000089f00000| Complete 

Card table byte_map: [0x000002d73af50000,0x000002d73b340000] _byte_map_base: 0x000002d73ab3f000

Marking Bits (Prev, Next): (CMBitMap*) 0x000002d7240a5730, (CMBitMap*) 0x000002d7240a5770
 Prev Bits: [0x000002d73b730000, 0x000002d73d6a8000)
 Next Bits: [0x000002d73d6b0000, 0x000002d73f628000)

Polling page: 0x000002d721ce0000

Metaspace:

Usage:
  Non-class:     16.88 MB used.
      Class:      2.37 MB used.
       Both:     19.25 MB used.

Virtual space:
  Non-class space:       64.00 MB reserved,      17.06 MB ( 27%) committed,  1 nodes.
      Class space:        1.00 GB reserved,       2.56 MB ( <1%) committed,  1 nodes.
             Both:        1.06 GB reserved,      19.63 MB (  2%) committed. 

Chunk freelists:
   Non-Class:  14.11 MB
       Class:  13.48 MB
        Both:  27.58 MB

MaxMetaspaceSize: unlimited
CompressedClassSpaceSize: 1.00 GB
Initial GC threshold: 21.00 MB
Current GC threshold: 21.00 MB
CDS: on
MetaspaceReclaimPolicy: balanced
 - commit_granule_bytes: 65536.
 - commit_granule_words: 8192.
 - virtual_space_node_default_size: 8388608.
 - enlarge_chunks_in_place: 1.
 - new_chunks_are_fully_committed: 0.
 - uncommit_free_chunks: 1.
 - use_allocation_guard: 0.
 - handle_deallocations: 1.


Internal statistics:

num_allocs_failed_limit: 0.
num_arena_births: 380.
num_arena_deaths: 0.
num_vsnodes_births: 2.
num_vsnodes_deaths: 0.
num_space_committed: 314.
num_space_uncommitted: 0.
num_chunks_returned_to_freelist: 0.
num_chunks_taken_from_freelist: 1061.
num_chunk_merges: 0.
num_chunk_splits: 723.
num_chunks_enlarged: 532.
num_inconsistent_stats: 0.

CodeHeap 'non-profiled nmethods': size=120000Kb used=1153Kb max_used=1153Kb free=118846Kb
 bounds [0x000002d733630000, 0x000002d7338a0000, 0x000002d73ab60000]
CodeHeap 'profiled nmethods': size=120000Kb used=5929Kb max_used=5929Kb free=114070Kb
 bounds [0x000002d72bb60000, 0x000002d72c130000, 0x000002d733090000]
CodeHeap 'non-nmethods': size=5760Kb used=1205Kb max_used=1228Kb free=4555Kb
 bounds [0x000002d733090000, 0x000002d733300000, 0x000002d733630000]
 total_blobs=3370 nmethods=2865 adapters=417
 compilation: enabled
              stopped_count=0, restarted_count=0
 full_count=0

Compilation events (20 events):
Event: 5.659 Thread 0x000002d741b66860 nmethod 2844 0x000002d73374d710 code [0x000002d73374d8a0, 0x000002d73374d978]
Event: 5.669 Thread 0x000002d7878f78b0 2772       4       java.util.jar.JarFile::getEntry (35 bytes)
Event: 5.688 Thread 0x000002d741b66860 2845       3       java.lang.invoke.ClassSpecializer$SpeciesData::transformHelper (56 bytes)
Event: 5.690 Thread 0x000002d741b66860 nmethod 2845 0x000002d72c116110 code [0x000002d72c1163a0, 0x000002d72c1173e8]
Event: 5.704 Thread 0x000002d741b66860 2846       3       org.springframework.asm.Type::getReturnTypeOffset (64 bytes)
Event: 5.706 Thread 0x000002d741b66860 nmethod 2846 0x000002d72c117810 code [0x000002d72c117b40, 0x000002d72c118f18]
Event: 5.706 Thread 0x000002d741b66860 2847       3       org.springframework.asm.MethodVisitor::<init> (71 bytes)
Event: 5.707 Thread 0x000002d741b66860 nmethod 2847 0x000002d72c119690 code [0x000002d72c119860, 0x000002d72c119cf8]
Event: 5.709 Thread 0x000002d741b66860 2848       3       org.springframework.asm.SymbolTable::get (13 bytes)
Event: 5.709 Thread 0x000002d741b66860 nmethod 2848 0x000002d72c119e90 code [0x000002d72c11a020, 0x000002d72c11a178]
Event: 5.716 Thread 0x000002d7878f78b0 nmethod 2772 0x000002d73374da10 code [0x000002d73374dca0, 0x000002d73374eff8]
Event: 5.716 Thread 0x000002d7878f78b0 2831       4       java.util.WeakHashMap::maskNull (12 bytes)
Event: 5.717 Thread 0x000002d7878f78b0 nmethod 2831 0x000002d73374fa10 code [0x000002d73374fb80, 0x000002d73374fbf8]
Event: 5.717 Thread 0x000002d7878f78b0 2771       4       java.lang.invoke.MethodType::makeImpl (109 bytes)
Event: 5.720 Thread 0x000002d741b66860 2849       3       java.util.WeakHashMap::remove (131 bytes)
Event: 5.721 Thread 0x000002d741b66860 nmethod 2849 0x000002d72c11a290 code [0x000002d72c11a4e0, 0x000002d72c11b058]
Event: 5.726 Thread 0x000002d741b66860 2850       3       java.lang.ref.Reference::refersTo (6 bytes)
Event: 5.727 Thread 0x000002d741b66860 nmethod 2850 0x000002d72c11b490 code [0x000002d72c11b640, 0x000002d72c11b808]
Event: 5.730 Thread 0x000002d741b66860 2851       3       java.lang.invoke.MemberName::getFactory (4 bytes)
Event: 5.730 Thread 0x000002d741b66860 nmethod 2851 0x000002d72c11b890 code [0x000002d72c11ba20, 0x000002d72c11bb18]

GC Heap History (4 events):
Event: 1.659 GC heap before
{Heap before GC invocations=0 (full 0):
 garbage-first heap   total 129024K, used 12288K [0x0000000082200000, 0x0000000100000000)
  region size 1024K, 13 young (13312K), 0 survivors (0K)
 Metaspace       used 4293K, committed 4480K, reserved 1114112K
  class space    used 475K, committed 576K, reserved 1048576K
}
Event: 1.668 GC heap after
{Heap after GC invocations=1 (full 0):
 garbage-first heap   total 129024K, used 3551K [0x0000000082200000, 0x0000000100000000)
  region size 1024K, 2 young (2048K), 2 survivors (2048K)
 Metaspace       used 4293K, committed 4480K, reserved 1114112K
  class space    used 475K, committed 576K, reserved 1048576K
}
Event: 2.609 GC heap before
{Heap before GC invocations=1 (full 0):
 garbage-first heap   total 129024K, used 17887K [0x0000000082200000, 0x0000000100000000)
  region size 1024K, 16 young (16384K), 2 survivors (2048K)
 Metaspace       used 8096K, committed 8320K, reserved 1114112K
  class space    used 1021K, committed 1088K, reserved 1048576K
}
Event: 2.615 GC heap after
{Heap after GC invocations=2 (full 0):
 garbage-first heap   total 129024K, used 4935K [0x0000000082200000, 0x0000000100000000)
  region size 1024K, 2 young (2048K), 2 survivors (2048K)
 Metaspace       used 8096K, committed 8320K, reserved 1114112K
  class space    used 1021K, committed 1088K, reserved 1048576K
}

Dll operation events (10 events):
Event: 0.082 Loaded shared library C:\Program Files\Eclipse Adoptium\jdk-17.0.9.9-hotspot\bin\java.dll
Event: 0.106 Loaded shared library C:\Program Files\Eclipse Adoptium\jdk-17.0.9.9-hotspot\bin\jsvml.dll
Event: 0.654 Loaded shared library C:\Program Files\Eclipse Adoptium\jdk-17.0.9.9-hotspot\bin\zip.dll
Event: 0.672 Loaded shared library C:\Program Files\Eclipse Adoptium\jdk-17.0.9.9-hotspot\bin\instrument.dll
Event: 0.693 Loaded shared library C:\Program Files\Eclipse Adoptium\jdk-17.0.9.9-hotspot\bin\net.dll
Event: 0.695 Loaded shared library C:\Program Files\Eclipse Adoptium\jdk-17.0.9.9-hotspot\bin\nio.dll
Event: 0.700 Loaded shared library C:\Program Files\Eclipse Adoptium\jdk-17.0.9.9-hotspot\bin\zip.dll
Event: 0.831 Loaded shared library C:\Program Files\JetBrains\IntelliJ IDEA Community Edition 2023.2.5\bin\breakgen64.dll
Event: 0.943 Loaded shared library C:\Program Files\Eclipse Adoptium\jdk-17.0.9.9-hotspot\bin\jimage.dll
Event: 3.831 Loaded shared library C:\Program Files\Eclipse Adoptium\jdk-17.0.9.9-hotspot\bin\sunmscapi.dll

Deoptimization events (20 events):
Event: 4.724 Thread 0x000002d72404ad40 Uncommon trap: trap_request=0xffffffde fr.pc=0x000002d73371f8c8 relative=0x0000000000000408
Event: 4.725 Thread 0x000002d72404ad40 Uncommon trap: reason=class_check action=maybe_recompile pc=0x000002d73371f8c8 method=java.lang.String.equals(Ljava/lang/Object;)Z @ 8 c2
Event: 4.725 Thread 0x000002d72404ad40 DEOPT PACKING pc=0x000002d73371f8c8 sp=0x000000e4bacfe310
Event: 4.725 Thread 0x000002d72404ad40 DEOPT UNPACKING pc=0x000002d7330e69a3 sp=0x000000e4bacfe1d8 mode 2
Event: 4.727 Thread 0x000002d72404ad40 Uncommon trap: trap_request=0xffffffde fr.pc=0x000002d73363b414 relative=0x0000000000000194
Event: 4.727 Thread 0x000002d72404ad40 Uncommon trap: reason=class_check action=maybe_recompile pc=0x000002d73363b414 method=java.lang.String.equals(Ljava/lang/Object;)Z @ 8 c2
Event: 4.727 Thread 0x000002d72404ad40 DEOPT PACKING pc=0x000002d73363b414 sp=0x000000e4bacfe240
Event: 4.727 Thread 0x000002d72404ad40 DEOPT UNPACKING pc=0x000002d7330e69a3 sp=0x000000e4bacfe1d8 mode 2
Event: 5.524 Thread 0x000002d72404ad40 Uncommon trap: trap_request=0xffffff45 fr.pc=0x000002d7336ce0d8 relative=0x00000000000062d8
Event: 5.524 Thread 0x000002d72404ad40 Uncommon trap: reason=unstable_if action=reinterpret pc=0x000002d7336ce0d8 method=jdk.internal.org.objectweb.asm.Frame.execute(IILjdk/internal/org/objectweb/asm/Symbol;Ljdk/internal/org/objectweb/asm/SymbolTable;)V @ 1 c2
Event: 5.524 Thread 0x000002d72404ad40 DEOPT PACKING pc=0x000002d7336ce0d8 sp=0x000000e4bacfcbf0
Event: 5.524 Thread 0x000002d72404ad40 DEOPT UNPACKING pc=0x000002d7330e69a3 sp=0x000000e4bacfcbd0 mode 2
Event: 5.644 Thread 0x000002d72404ad40 Uncommon trap: trap_request=0xffffff45 fr.pc=0x000002d733689068 relative=0x00000000000000e8
Event: 5.644 Thread 0x000002d72404ad40 Uncommon trap: reason=unstable_if action=reinterpret pc=0x000002d733689068 method=jdk.internal.org.objectweb.asm.ByteVector.putShort(I)Ljdk/internal/org/objectweb/asm/ByteVector; @ 13 c2
Event: 5.645 Thread 0x000002d72404ad40 DEOPT PACKING pc=0x000002d733689068 sp=0x000000e4bacfc080
Event: 5.645 Thread 0x000002d72404ad40 DEOPT UNPACKING pc=0x000002d7330e69a3 sp=0x000000e4bacfc008 mode 2
Event: 5.735 Thread 0x000002d72404ad40 Uncommon trap: trap_request=0xffffff45 fr.pc=0x000002d733738de8 relative=0x0000000000000588
Event: 5.735 Thread 0x000002d72404ad40 Uncommon trap: reason=unstable_if action=reinterpret pc=0x000002d733738de8 method=org.springframework.beans.factory.support.AbstractBeanFactory.getMergedLocalBeanDefinition(Ljava/lang/String;)Lorg/springframework/beans/factory/support/RootBeanDefinition; 
Event: 5.735 Thread 0x000002d72404ad40 DEOPT PACKING pc=0x000002d733738de8 sp=0x000000e4bacfe9f0
Event: 5.736 Thread 0x000002d72404ad40 DEOPT UNPACKING pc=0x000002d7330e69a3 sp=0x000000e4bacfe9a8 mode 2

Classes unloaded (0 events):
No events

Classes redefined (0 events):
No events

Internal exceptions (20 events):
Event: 5.519 Thread 0x000002d72404ad40 Exception <a 'java/lang/NoSuchMethodError'{0x0000000086b986b0}: 'java.lang.Object java.lang.invoke.DirectMethodHandle$Holder.invokeStatic(java.lang.Object, java.lang.Object, int)'> (0x0000000086b986b0) 
thrown [s\src\hotspot\share\interpreter\linkResolver.cpp, line 759]
Event: 5.523 Thread 0x000002d72404ad40 Exception <a 'java/lang/NoSuchMethodError'{0x0000000086bab728}: 'void java.lang.invoke.DelegatingMethodHandle$Holder.delegate(java.lang.Object, java.lang.Object, int, java.lang.Object)'> (0x0000000086bab728) 
thrown [s\src\hotspot\share\interpreter\linkResolver.cpp, line 759]
Event: 5.525 Thread 0x000002d72404ad40 Exception <a 'java/lang/NoSuchMethodError'{0x0000000086bb3c80}: 'java.lang.Object java.lang.invoke.DirectMethodHandle$Holder.invokeSpecial(java.lang.Object, java.lang.Object, java.lang.Object, java.lang.Object, java.lang.Object, java.lang.Object, java.lang.Object, java.lang.Object, java.lang.Object)'> (0x0000000086bb3c80) 
thrown [s\src\hotspot\share\interpreter\linkResolver.cpp, line 759]
Event: 5.536 Thread 0x000002d72404ad40 Exception <a 'java/lang/NoSuchMethodError'{0x0000000086bd9aa0}: 'java.lang.Object java.lang.invoke.DirectMethodHandle$Holder.invokeSpecial(java.lang.Object, java.lang.Object, java.lang.Object, java.lang.Object, java.lang.Object, java.lang.Object, java.lang.Object, java.lang.Object, java.lang.Object, java.lang.Object, java.lang.Object, java.lang.Object, java.lang.Object, java.lang.Object)'> (0x0000000086bd9aa0) 
thrown [s\src\hotspot\share\interpreter\linkResolver.cpp, line 759]
Event: 5.537 Thread 0x000002d72404ad40 Exception <a 'java/lang/NoSuchMethodError'{0x0000000086bde770}: 'java.lang.Object java.lang.invoke.Invokers$Holder.invoker(java.lang.Object, java.lang.Object, java.lang.Object, java.lang.Object, java.lang.Object, java.lang.Object, java.lang.Object, java.lang.Object, java.lang.Object, java.lang.Object, java.lang.Object, java.lang.Object, java.lang.Object, java.lang.Object)'> (0x0000000086bde770) 
thrown [s\src\hotspot\share\interpreter\linkResolver.cpp, line 759]
Event: 5.539 Thread 0x000002d72404ad40 Exception <a 'java/lang/NoSuchMethodError'{0x0000000086be4460}: 'java.lang.Object java.lang.invoke.DirectMethodHandle$Holder.invokeSpecial(java.lang.Object, java.lang.Object, java.lang.Object, java.lang.Object, java.lang.Object, java.lang.Object, java.lang.Object, java.lang.Object, java.lang.Object, java.lang.Object, java.lang.Object, java.lang.Object, java.lang.Object, java.lang.Object, java.lang.Object)'> (0x0000000086be4460) 
thrown [s\src\hotspot\share\interpreter\linkResolver.cpp, line 759]
Event: 5.544 Thread 0x000002d72404ad40 Exception <a 'java/lang/NoSuchMethodError'{0x0000000086bf7488}: 'int java.lang.invoke.DirectMethodHandle$Holder.invokeVirtual(java.lang.Object, java.lang.Object, java.lang.Object)'> (0x0000000086bf7488) 
thrown [s\src\hotspot\share\interpreter\linkResolver.cpp, line 759]
Event: 5.545 Thread 0x000002d72404ad40 Exception <a 'java/lang/NoSuchMethodError'{0x0000000086bfad40}: 'int java.lang.invoke.DirectMethodHandle$Holder.invokeVirtual(java.lang.Object, java.lang.Object)'> (0x0000000086bfad40) 
thrown [s\src\hotspot\share\interpreter\linkResolver.cpp, line 759]
Event: 5.546 Thread 0x000002d72404ad40 Exception <a 'java/lang/NoSuchMethodError'{0x0000000086bfef40}: 'int java.lang.invoke.DirectMethodHandle$Holder.invokeStaticInit(java.lang.Object, int, int)'> (0x0000000086bfef40) 
thrown [s\src\hotspot\share\interpreter\linkResolver.cpp, line 759]
Event: 5.548 Thread 0x000002d72404ad40 Exception <a 'java/lang/NoSuchMethodError'{0x0000000086a06cc0}: 'int java.lang.invoke.DirectMethodHandle$Holder.invokeStaticInit(java.lang.Object, long, long)'> (0x0000000086a06cc0) 
thrown [s\src\hotspot\share\interpreter\linkResolver.cpp, line 759]
Event: 5.550 Thread 0x000002d72404ad40 Exception <a 'java/lang/NoSuchMethodError'{0x0000000086a0db10}: 'int java.lang.invoke.DirectMethodHandle$Holder.invokeStaticInit(java.lang.Object, float, float)'> (0x0000000086a0db10) 
thrown [s\src\hotspot\share\interpreter\linkResolver.cpp, line 759]
Event: 5.552 Thread 0x000002d72404ad40 Exception <a 'java/lang/NoSuchMethodError'{0x0000000086a14968}: 'int java.lang.invoke.DirectMethodHandle$Holder.invokeStaticInit(java.lang.Object, double, double)'> (0x0000000086a14968) 
thrown [s\src\hotspot\share\interpreter\linkResolver.cpp, line 759]
Event: 5.553 Thread 0x000002d72404ad40 Exception <a 'java/lang/NoSuchMethodError'{0x0000000086a18f38}: 'int java.lang.invoke.DirectMethodHandle$Holder.invokeStatic(java.lang.Object, long)'> (0x0000000086a18f38) 
thrown [s\src\hotspot\share\interpreter\linkResolver.cpp, line 759]
Event: 5.562 Thread 0x000002d72404ad40 Exception <a 'java/lang/NoSuchMethodError'{0x0000000086a3d9d8}: 'int java.lang.invoke.DirectMethodHandle$Holder.invokeSpecial(java.lang.Object, java.lang.Object, int)'> (0x0000000086a3d9d8) 
thrown [s\src\hotspot\share\interpreter\linkResolver.cpp, line 759]
Event: 5.563 Thread 0x000002d72404ad40 Exception <a 'java/lang/NoSuchMethodError'{0x0000000086a45338}: 'int java.lang.invoke.Invokers$Holder.linkToTargetMethod(java.lang.Object, java.lang.Object)'> (0x0000000086a45338) 
thrown [s\src\hotspot\share\interpreter\linkResolver.cpp, line 759]
Event: 5.598 Thread 0x000002d72404ad40 Exception <a 'java/lang/NoSuchMethodError'{0x0000000086afcd10}: 'java.lang.Object java.lang.invoke.DirectMethodHandle$Holder.invokeSpecial(java.lang.Object, java.lang.Object, java.lang.Object, java.lang.Object, java.lang.Object, java.lang.Object, java.lang.Object, java.lang.Object, java.lang.Object, java.lang.Object)'> (0x0000000086afcd10) 
thrown [s\src\hotspot\share\interpreter\linkResolver.cpp, line 759]
Event: 5.598 Thread 0x000002d72404ad40 Exception <a 'java/lang/NoSuchMethodError'{0x00000000869017b0}: 'java.lang.Object java.lang.invoke.Invokers$Holder.invoke_MT(java.lang.Object, java.lang.Object, java.lang.Object, java.lang.Object, java.lang.Object, java.lang.Object, java.lang.Object, java.lang.Object, java.lang.Object, java.lang.Object)'> (0x00000000869017b0) 
thrown [s\src\hotspot\share\interpreter\linkResolver.cpp, line 759]
Event: 5.638 Thread 0x000002d72404ad40 Exception <a 'java/lang/NoSuchMethodError'{0x0000000086941fb8}: 'java.lang.Object java.lang.invoke.DirectMethodHandle$Holder.invokeSpecial(java.lang.Object, java.lang.Object, int, java.lang.Object, java.lang.Object)'> (0x0000000086941fb8) 
thrown [s\src\hotspot\share\interpreter\linkResolver.cpp, line 759]
Event: 5.639 Thread 0x000002d72404ad40 Exception <a 'java/lang/NoSuchMethodError'{0x0000000086945cc0}: 'java.lang.Object java.lang.invoke.DelegatingMethodHandle$Holder.delegate(java.lang.Object, int, java.lang.Object, java.lang.Object)'> (0x0000000086945cc0) 
thrown [s\src\hotspot\share\interpreter\linkResolver.cpp, line 759]
Event: 5.647 Thread 0x000002d72404ad40 Exception <a 'java/lang/NoSuchMethodError'{0x0000000086956b48}: 'int java.lang.invoke.Invokers$Holder.linkToTargetMethod(java.lang.Object, java.lang.Object, java.lang.Object)'> (0x0000000086956b48) 
thrown [s\src\hotspot\share\interpreter\linkResolver.cpp, line 759]

VM Operations (20 events):
Event: 2.856 Executing VM operation: HandshakeAllThreads
Event: 2.856 Executing VM operation: HandshakeAllThreads done
Event: 3.174 Executing VM operation: HandshakeAllThreads
Event: 3.174 Executing VM operation: HandshakeAllThreads done
Event: 3.347 Executing VM operation: HandshakeAllThreads
Event: 3.347 Executing VM operation: HandshakeAllThreads done
Event: 3.584 Executing VM operation: HandshakeAllThreads
Event: 3.584 Executing VM operation: HandshakeAllThreads done
Event: 3.632 Executing VM operation: HandshakeAllThreads
Event: 3.632 Executing VM operation: HandshakeAllThreads done
Event: 3.632 Executing VM operation: Cleanup
Event: 3.632 Executing VM operation: Cleanup done
Event: 4.544 Executing VM operation: ICBufferFull
Event: 4.545 Executing VM operation: ICBufferFull done
Event: 5.443 Executing VM operation: ICBufferFull
Event: 5.443 Executing VM operation: ICBufferFull done
Event: 5.518 Executing VM operation: HandshakeAllThreads
Event: 5.518 Executing VM operation: HandshakeAllThreads done
Event: 5.575 Executing VM operation: HandshakeAllThreads
Event: 5.576 Executing VM operation: HandshakeAllThreads done

Events (20 events):
Event: 5.565 loading class java/util/concurrent/FutureTask$WaitNode done
Event: 5.632 loading class java/util/AbstractList$RandomAccessSubList
Event: 5.632 loading class java/util/AbstractList$SubList
Event: 5.632 loading class java/util/AbstractList$SubList done
Event: 5.632 loading class java/util/AbstractList$RandomAccessSubList done
Event: 5.632 loading class java/util/AbstractList$ListItr
Event: 5.633 loading class java/util/AbstractList$ListItr done
Event: 5.633 loading class java/util/AbstractList$SubList$1
Event: 5.633 loading class java/util/AbstractList$SubList$1 done
Event: 5.639 loading class java/lang/invoke/MethodHandleImpl$CountingWrapper
Event: 5.639 loading class java/lang/invoke/MethodHandleImpl$CountingWrapper done
Event: 5.651 Thread 0x000002d7878f78b0 Thread added: 0x000002d7878f78b0
Event: 5.700 loading class java/util/DualPivotQuicksort
Event: 5.700 loading class java/util/DualPivotQuicksort done
Event: 5.702 loading class java/util/LinkedList$ListItr
Event: 5.702 loading class java/util/LinkedList$ListItr done
Event: 5.728 loading class jdk/internal/reflect/UnsafeFieldAccessorFactory
Event: 5.728 loading class jdk/internal/reflect/UnsafeFieldAccessorFactory done
Event: 5.728 loading class jdk/internal/reflect/UnsafeStaticObjectFieldAccessorImpl
Event: 5.729 loading class jdk/internal/reflect/UnsafeStaticObjectFieldAccessorImpl done


Dynamic libraries:
0x00007ff73ae60000 - 0x00007ff73ae6e000 	C:\Program Files\Eclipse Adoptium\jdk-17.0.9.9-hotspot\bin\java.exe
0x00007ffcb6610000 - 0x00007ffcb67fd000 	C:\Windows\SYSTEM32\ntdll.dll
0x00007ffcb4360000 - 0x00007ffcb4413000 	C:\Windows\System32\KERNEL32.DLL
0x00007ffcb29a0000 - 0x00007ffcb2c33000 	C:\Windows\System32\KERNELBASE.dll
0x00007ffcb2ec0000 - 0x00007ffcb2fba000 	C:\Windows\System32\ucrtbase.dll
0x00007ffca2b50000 - 0x00007ffca2b67000 	C:\Program Files\Eclipse Adoptium\jdk-17.0.9.9-hotspot\bin\jli.dll
0x00007ffca2b70000 - 0x00007ffca2b8b000 	C:\Program Files\Eclipse Adoptium\jdk-17.0.9.9-hotspot\bin\VCRUNTIME140.dll
0x00007ffca4010000 - 0x00007ffca4289000 	C:\Windows\WinSxS\amd64_microsoft.windows.common-controls_6595b64144ccf1df_6.0.17763.615_none_05b4414a072024d4\COMCTL32.dll
0x00007ffcb4b20000 - 0x00007ffcb4bbe000 	C:\Windows\System32\msvcrt.dll
0x00007ffcb4020000 - 0x00007ffcb434c000 	C:\Windows\System32\combase.dll
0x00007ffcb4910000 - 0x00007ffcb4a32000 	C:\Windows\System32\RPCRT4.dll
0x00007ffcb2920000 - 0x00007ffcb299e000 	C:\Windows\System32\bcryptPrimitives.dll
0x00007ffcb4530000 - 0x00007ffcb4559000 	C:\Windows\System32\GDI32.dll
0x00007ffcb26e0000 - 0x00007ffcb2879000 	C:\Windows\System32\gdi32full.dll
0x00007ffcb2880000 - 0x00007ffcb2920000 	C:\Windows\System32\msvcp_win.dll
0x000002d721e60000 - 0x000002d721ff7000 	C:\Windows\System32\USER32.dll
0x00007ffcb2ea0000 - 0x00007ffcb2ec0000 	C:\Windows\System32\win32u.dll
0x00007ffcb3840000 - 0x00007ffcb386e000 	C:\Windows\System32\IMM32.DLL
0x00007ffcae940000 - 0x00007ffcae94c000 	C:\Program Files\Eclipse Adoptium\jdk-17.0.9.9-hotspot\bin\vcruntime140_1.dll
0x00007ffc944c0000 - 0x00007ffc9454d000 	C:\Program Files\Eclipse Adoptium\jdk-17.0.9.9-hotspot\bin\msvcp140.dll
0x00007ffc76c50000 - 0x00007ffc778b1000 	C:\Program Files\Eclipse Adoptium\jdk-17.0.9.9-hotspot\bin\server\jvm.dll
0x00007ffcb39f0000 - 0x00007ffcb3a93000 	C:\Windows\System32\ADVAPI32.dll
0x00007ffcb3f80000 - 0x00007ffcb401e000 	C:\Windows\System32\sechost.dll
0x00007ffcb2630000 - 0x00007ffcb268d000 	C:\Windows\System32\POWRPROF.dll
0x00007ffca7b30000 - 0x00007ffca7b39000 	C:\Windows\SYSTEM32\WSOCK32.dll
0x00007ffcb4560000 - 0x00007ffcb45cd000 	C:\Windows\System32\WS2_32.dll
0x00007ffcafda0000 - 0x00007ffcafdc4000 	C:\Windows\SYSTEM32\WINMM.dll
0x00007ffca4c40000 - 0x00007ffca4c4a000 	C:\Windows\SYSTEM32\VERSION.dll
0x00007ffcafd70000 - 0x00007ffcafd9d000 	C:\Windows\SYSTEM32\WINMMBASE.dll
0x00007ffcb2c40000 - 0x00007ffcb2c8a000 	C:\Windows\System32\cfgmgr32.dll
0x00007ffcb26c0000 - 0x00007ffcb26d1000 	C:\Windows\System32\kernel.appcore.dll
0x00007ffca2d40000 - 0x00007ffca2d4a000 	C:\Program Files\Eclipse Adoptium\jdk-17.0.9.9-hotspot\bin\jimage.dll
0x00007ffc9ea70000 - 0x00007ffc9ec5d000 	C:\Windows\SYSTEM32\DBGHELP.DLL
0x00007ffc9dcd0000 - 0x00007ffc9dcfa000 	C:\Windows\SYSTEM32\dbgcore.DLL
0x00007ffcab980000 - 0x00007ffcab98e000 	C:\Program Files\Eclipse Adoptium\jdk-17.0.9.9-hotspot\bin\instrument.dll
0x00007ffca0a90000 - 0x00007ffca0ab5000 	C:\Program Files\Eclipse Adoptium\jdk-17.0.9.9-hotspot\bin\java.dll
0x00007ffc7bb60000 - 0x00007ffc7bc37000 	C:\Program Files\Eclipse Adoptium\jdk-17.0.9.9-hotspot\bin\jsvml.dll
0x00007ffcb4d80000 - 0x00007ffcb6270000 	C:\Windows\System32\SHELL32.dll
0x00007ffcb4420000 - 0x00007ffcb44c8000 	C:\Windows\System32\shcore.dll
0x00007ffcb3040000 - 0x00007ffcb378a000 	C:\Windows\System32\windows.storage.dll
0x00007ffcb2690000 - 0x00007ffcb26b4000 	C:\Windows\System32\profapi.dll
0x00007ffcb6270000 - 0x00007ffcb62c2000 	C:\Windows\System32\shlwapi.dll
0x00007ffcb3020000 - 0x00007ffcb3037000 	C:\Windows\System32\cryptsp.dll
0x00007ffc9da20000 - 0x00007ffc9da38000 	C:\Program Files\Eclipse Adoptium\jdk-17.0.9.9-hotspot\bin\zip.dll
0x00007ffc9dd10000 - 0x00007ffc9dd29000 	C:\Program Files\Eclipse Adoptium\jdk-17.0.9.9-hotspot\bin\net.dll
0x00007ffca7e80000 - 0x00007ffca7f72000 	C:\Windows\SYSTEM32\WINHTTP.dll
0x00007ffcb1e70000 - 0x00007ffcb1ed7000 	C:\Windows\system32\mswsock.dll
0x00007ffc9da40000 - 0x00007ffc9da56000 	C:\Program Files\Eclipse Adoptium\jdk-17.0.9.9-hotspot\bin\nio.dll
0x00007ffcaa430000 - 0x00007ffcaa44a000 	C:\Program Files\JetBrains\IntelliJ IDEA Community Edition 2023.2.5\bin\breakgen64.dll
0x00007ffcab970000 - 0x00007ffcab97e000 	C:\Program Files\Eclipse Adoptium\jdk-17.0.9.9-hotspot\bin\sunmscapi.dll
0x00007ffcb2c90000 - 0x00007ffcb2e6b000 	C:\Windows\System32\CRYPT32.dll
0x00007ffcb2610000 - 0x00007ffcb2622000 	C:\Windows\System32\MSASN1.dll
0x00007ffcb2150000 - 0x00007ffcb2176000 	C:\Windows\SYSTEM32\ncrypt.dll
0x00007ffcb2e70000 - 0x00007ffcb2e96000 	C:\Windows\System32\bcrypt.dll
0x00007ffcb2110000 - 0x00007ffcb214c000 	C:\Windows\SYSTEM32\NTASN1.dll

dbghelp: loaded successfully - version: 4.0.5 - missing functions: none
symbol engine: initialized successfully - sym options: 0x614 - pdb path: .;C:\Program Files\Eclipse Adoptium\jdk-17.0.9.9-hotspot\bin;C:\Windows\SYSTEM32;C:\Windows\WinSxS\amd64_microsoft.windows.common-controls_6595b64144ccf1df_6.0.17763.615_none_05b4414a072024d4;C:\Program Files\Eclipse Adoptium\jdk-17.0.9.9-hotspot\bin\server;C:\Program Files\JetBrains\IntelliJ IDEA Community Edition 2023.2.5\bin

VM Arguments:
jvm_args: -javaagent:C:\Program Files\JetBrains\IntelliJ IDEA Community Edition 2023.2.5\lib\idea_rt.jar=49723:C:\Program Files\JetBrains\IntelliJ IDEA Community Edition 2023.2.5\bin -Dfile.encoding=UTF-8 
java_command: lt.techin.demo.DemoApplication
java_class_path (initial): C:\Users\VS\git\techin\Spring\target\classes;C:\Users\VS\.m2\repository\org\springframework\boot\spring-boot-starter-web\3.2.1\spring-boot-starter-web-3.2.1.jar;C:\Users\VS\.m2\repository\org\springframework\boot\spring-boot-starter\3.2.1\spring-boot-starter-3.2.1.jar;C:\Users\VS\.m2\repository\org\springframework\boot\spring-boot\3.2.1\spring-boot-3.2.1.jar;C:\Users\VS\.m2\repository\org\springframework\boot\spring-boot-autoconfigure\3.2.1\spring-boot-autoconfigure-3.2.1.jar;C:\Users\VS\.m2\repository\org\springframework\boot\spring-boot-starter-logging\3.2.1\spring-boot-starter-logging-3.2.1.jar;C:\Users\VS\.m2\repository\ch\qos\logback\logback-classic\1.4.14\logback-classic-1.4.14.jar;C:\Users\VS\.m2\repository\ch\qos\logback\logback-core\1.4.14\logback-core-1.4.14.jar;C:\Users\VS\.m2\repository\org\apache\logging\log4j\log4j-to-slf4j\2.21.1\log4j-to-slf4j-2.21.1.jar;C:\Users\VS\.m2\repository\org\apache\logging\log4j\log4j-api\2.21.1\log4j-api-2.21.1.jar;C:\Users\VS\.m2\repository\org\slf4j\jul-to-slf4j\2.0.9\jul-to-slf4j-2.0.9.jar;C:\Users\VS\.m2\repository\jakarta\annotation\jakarta.annotation-api\2.1.1\jakarta.annotation-api-2.1.1.jar;C:\Users\VS\.m2\repository\org\yaml\snakeyaml\2.2\snakeyaml-2.2.jar;C:\Users\VS\.m2\repository\org\springframework\boot\spring-boot-starter-json\3.2.1\spring-boot-starter-json-3.2.1.jar;C:\Users\VS\.m2\repository\com\fasterxml\jackson\core\jackson-databind\2.15.3\jackson-databind-2.15.3.jar;C:\Users\VS\.m2\repository\com\fasterxml\jackson\core\jackson-annotations\2.15.3\jackson-annotations-2.15.3.jar;C:\Users\VS\.m2\repository\com\fasterxml\jackson\core\jackson-core\2.15.3\jackson-core-2.15.3.jar;C:\Users\VS\.m2\repository\com\fasterxml\jackson\datatype\jackson-datatype-jdk8\2.15.3\jackson-datatype-jdk8-2.15.3.jar;C:\Users\VS\.m2\repository\com\fasterxml\jackson\datatype\jackson-datatype-jsr310\2.15.3\jackson-datatype-jsr310-2.15.3.jar;C:\Users\VS\.m2\repository\com\fasterxml\jackson\module\jackson-m
Launcher Type: SUN_STANDARD

[Global flags]
     intx CICompilerCount                          = 3                                         {product} {ergonomic}
     uint ConcGCThreads                            = 1                                         {product} {ergonomic}
     uint G1ConcRefinementThreads                  = 4                                         {product} {ergonomic}
   size_t G1HeapRegionSize                         = 1048576                                   {product} {ergonomic}
    uintx GCDrainStackTargetSize                   = 64                                        {product} {ergonomic}
   size_t InitialHeapSize                          = 132120576                                 {product} {ergonomic}
   size_t MarkStackSize                            = 4194304                                   {product} {ergonomic}
   size_t MaxHeapSize                              = 2111832064                                {product} {ergonomic}
   size_t MaxNewSize                               = 1266679808                                {product} {ergonomic}
   size_t MinHeapDeltaBytes                        = 1048576                                   {product} {ergonomic}
   size_t MinHeapSize                              = 8388608                                   {product} {ergonomic}
    uintx NonNMethodCodeHeapSize                   = 5832780                                {pd product} {ergonomic}
    uintx NonProfiledCodeHeapSize                  = 122912730                              {pd product} {ergonomic}
    uintx ProfiledCodeHeapSize                     = 122912730                              {pd product} {ergonomic}
    uintx ReservedCodeCacheSize                    = 251658240                              {pd product} {ergonomic}
     bool SegmentedCodeCache                       = true                                      {product} {ergonomic}
   size_t SoftMaxHeapSize                          = 2111832064                             {manageable} {ergonomic}
     bool UseCompressedClassPointers               = true                           {product lp64_product} {ergonomic}
     bool UseCompressedOops                        = true                           {product lp64_product} {ergonomic}
     bool UseG1GC                                  = true                                      {product} {ergonomic}
     bool UseLargePagesIndividualAllocation        = false                                  {pd product} {ergonomic}

Logging:
Log output configuration:
 #0: stdout all=warning uptime,level,tags
 #1: stderr all=off uptime,level,tags

Environment Variables:
PATH=C:\Program Files\Eclipse Adoptium\jdk-17.0.9.9-hotspot\bin;C:\Windows\system32;C:\Windows;C:\Windows\System32\Wbem;C:\Windows\System32\WindowsPowerShell\v1.0\;C:\Windows\System32\OpenSSH\;C:\Program Files (x86)\Common Files\Propellerhead Software\ReWire\;C:\Program Files\Common Files\Propellerhead Software\ReWire\;C:\Program Files\Git\cmd;C:\Users\VS\AppData\Local\Programs\Python\Launcher\;C:\Users\VS\AppData\Local\Microsoft\WindowsApps;;C:\Users\VS\AppData\Local\Programs\Microsoft VS Code\bin;C:\Program Files\JetBrains\PyCharm Community Edition 2023.3.2\bin;
USERNAME=VS
OS=Windows_NT
PROCESSOR_IDENTIFIER=Intel64 Family 6 Model 58 Stepping 9, GenuineIntel
TMP=C:\Users\VS\AppData\Local\Temp
TEMP=C:\Users\VS\AppData\Local\Temp



Periodic native trim disabled


---------------  S Y S T E M  ---------------

OS:
 Windows 10 , 64 bit Build 17763 (10.0.17763.475)
OS uptime: 9 days 21:44 hours

CPU: total 4 (initial active 4) (2 cores per cpu, 2 threads per core) family 6 model 58 stepping 9 microcode 0x20, cx8, cmov, fxsr, ht, mmx, sse, sse2, sse3, ssse3, sse4.1, sse4.2, popcnt, tsc, tscinvbit, avx, aes, erms, clmul, vzeroupper, clflush
Processor Information for all 4 processors :
  Max Mhz: 2401, Current Mhz: 2401, Mhz Limit: 2401

Memory: 4k page, system-wide physical 8055M (796M free)
TotalPageFile size 8055M (AvailPageFile size 61M)
current process WorkingSet (physical memory assigned to process): 152M, peak: 152M
current process commit charge ("private bytes"): 256M, peak: 257M

vm_info: OpenJDK 64-Bit Server VM (17.0.9+9) for windows-amd64 JRE (17.0.9+9), built on Oct 26 2023 14:01:42 by "admin" with MS VC++ 16.10 / 16.11 (VS2019)

END.
