#
# There is insufficient memory for the Java Runtime Environment to continue.
# Native memory allocation (mmap) failed to map 132120576 bytes for G1 virtual space
# Possible reasons:
#   The system is out of physical RAM or swap space
#   The process is running with CompressedOops enabled, and the Java Heap may be blocking the growth of the native heap
# Possible solutions:
#   Reduce memory load on the system
#   Increase physical memory or swap space
#   Check if swap backing store is full
#   Decrease Java heap size (-Xmx/-Xms)
#   Decrease number of Java threads
#   Decrease Java thread stack sizes (-Xss)
#   Set larger code cache with -XX:ReservedCodeCacheSize=
#   JVM is running with Unscaled Compressed Oops mode in which the Java heap is
#     placed in the first 4GB address space. The Java Heap base address is the
#     maximum limit for the native heap growth. Please use -XX:HeapBaseMinAddress
#     to set the Java Heap base and to place the Java Heap above 4GB virtual address.
# This output file may be truncated or incomplete.
#
#  Out of Memory Error (os_windows.cpp:3613), pid=564, tid=2988
#
# JRE version:  (17.0.9+9) (build )
# Java VM: OpenJDK 64-Bit Server VM (17.0.9+9, mixed mode, sharing, tiered, compressed oops, compressed class ptrs, g1 gc, windows-amd64)
# No core dump will be written. Minidumps are not enabled by default on client versions of Windows
#

---------------  S U M M A R Y ------------

Command Line: C:\Users\VS\AppData\Local\Temp\surefire2712780153480401047\surefirebooter-20240119112207443_3.jar C:\Users\VS\AppData\Local\Temp\surefire2712780153480401047 2024-01-19T11-22-07_044-jvmRun1 surefire-20240119112207443_1tmp surefire_0-20240119112207443_2tmp

Host: Intel(R) Core(TM) i5-3437U CPU @ 1.90GHz, 4 cores, 7G,  Windows 10 , 64 bit Build 17763 (10.0.17763.475)
Time: Fri Jan 19 11:22:08 2024 FLE Standard Time elapsed time: 0.292051 seconds (0d 0h 0m 0s)

---------------  T H R E A D  ---------------

Current thread (0x0000017c96f216c0):  JavaThread "Unknown thread" [_thread_in_vm, id=2988, stack(0x00000077ec300000,0x00000077ec400000)]

Stack: [0x00000077ec300000,0x00000077ec400000]
Native frames: (J=compiled Java code, j=interpreted, Vv=VM code, C=native code)
V  [jvm.dll+0x67cf49]
V  [jvm.dll+0x83478a]
V  [jvm.dll+0x83624e]
V  [jvm.dll+0x8368b3]
V  [jvm.dll+0x247f1f]
V  [jvm.dll+0x679d69]
V  [jvm.dll+0x66e6ba]
V  [jvm.dll+0x307e5b]
V  [jvm.dll+0x30f306]
V  [jvm.dll+0x35f0ce]
V  [jvm.dll+0x35f2ff]
V  [jvm.dll+0x2dea58]
V  [jvm.dll+0x2df9c4]
V  [jvm.dll+0x806031]
V  [jvm.dll+0x36cf31]
V  [jvm.dll+0x7e4aac]
V  [jvm.dll+0x3f07af]
V  [jvm.dll+0x3f23e1]
C  [jli.dll+0x528f]
C  [ucrtbase.dll+0x21ffa]
C  [KERNEL32.DLL+0x17974]
C  [ntdll.dll+0x6a271]


---------------  P R O C E S S  ---------------

Threads class SMR info:
_java_thread_list=0x00007ffc7777ee98, length=0, elements={
}

Java Threads: ( => current thread )

Other Threads:
  0x0000017c96f7b970 GCTaskThread "GC Thread#0" [stack: 0x00000077ec400000,0x00000077ec500000] [id=1288]
  0x0000017c96f8e7b0 ConcurrentGCThread "G1 Main Marker" [stack: 0x00000077ec500000,0x00000077ec600000] [id=6640]
  0x0000017c96f8fca0 ConcurrentGCThread "G1 Conc#0" [stack: 0x00000077ec600000,0x00000077ec700000] [id=8816]

[error occurred during error reporting (printing all threads), id 0xc0000005, EXCEPTION_ACCESS_VIOLATION (0xc0000005) at pc=0x00007ffc76f3f497]

VM state: not at safepoint (not fully initialized)

VM Mutex/Monitor currently owned by a thread:  ([mutex/lock_event])
[0x0000017c96f1d700] Heap_lock - owner thread: 0x0000017c96f216c0

Heap address: 0x0000000082200000, size: 2014 MB, Compressed Oops mode: 32-bit

CDS archive(s) mapped at: [0x0000000000000000-0x0000000000000000-0x0000000000000000), size 0, SharedBaseAddress: 0x0000000800000000, ArchiveRelocationMode: 1.
Narrow klass base: 0x0000000000000000, Narrow klass shift: 0, Narrow klass range: 0x0

GC Precious Log:
<Empty>

Heap:
 garbage-first heap   total 0K, used 0K [0x0000000082200000, 0x0000000100000000)
  region size 1024K, 0 young (0K), 0 survivors (0K)

[error occurred during error reporting (printing heap information), id 0xc0000005, EXCEPTION_ACCESS_VIOLATION (0xc0000005) at pc=0x00007ffc77326c79]

GC Heap History (0 events):
No events

Dll operation events (1 events):
Event: 0.012 Loaded shared library C:\Program Files\Eclipse Adoptium\jdk-17.0.9.9-hotspot\bin\java.dll

Deoptimization events (0 events):
No events

Classes unloaded (0 events):
No events

Classes redefined (0 events):
No events

Internal exceptions (0 events):
No events

VM Operations (0 events):
No events

Events (0 events):
No events


Dynamic libraries:
0x00007ff73ae60000 - 0x00007ff73ae6e000 	C:\Program Files\Eclipse Adoptium\jdk-17.0.9.9-hotspot\bin\java.exe
0x00007ffcb6610000 - 0x00007ffcb67fd000 	C:\Windows\SYSTEM32\ntdll.dll
0x00007ffcb4360000 - 0x00007ffcb4413000 	C:\Windows\System32\KERNEL32.DLL
0x00007ffcb29a0000 - 0x00007ffcb2c33000 	C:\Windows\System32\KERNELBASE.dll
0x00007ffcb2ec0000 - 0x00007ffcb2fba000 	C:\Windows\System32\ucrtbase.dll
0x00007ffca2b50000 - 0x00007ffca2b67000 	C:\Program Files\Eclipse Adoptium\jdk-17.0.9.9-hotspot\bin\jli.dll
0x00007ffcb62d0000 - 0x00007ffcb6467000 	C:\Windows\System32\USER32.dll
0x00007ffcb2ea0000 - 0x00007ffcb2ec0000 	C:\Windows\System32\win32u.dll
0x00007ffcb4530000 - 0x00007ffcb4559000 	C:\Windows\System32\GDI32.dll
0x00007ffcb26e0000 - 0x00007ffcb2879000 	C:\Windows\System32\gdi32full.dll
0x00007ffcb2880000 - 0x00007ffcb2920000 	C:\Windows\System32\msvcp_win.dll
0x00007ffca2b70000 - 0x00007ffca2b8b000 	C:\Program Files\Eclipse Adoptium\jdk-17.0.9.9-hotspot\bin\VCRUNTIME140.dll
0x00007ffca4010000 - 0x00007ffca4289000 	C:\Windows\WinSxS\amd64_microsoft.windows.common-controls_6595b64144ccf1df_6.0.17763.615_none_05b4414a072024d4\COMCTL32.dll
0x00007ffcb4b20000 - 0x00007ffcb4bbe000 	C:\Windows\System32\msvcrt.dll
0x00007ffcb4020000 - 0x00007ffcb434c000 	C:\Windows\System32\combase.dll
0x00007ffcb4910000 - 0x00007ffcb4a32000 	C:\Windows\System32\RPCRT4.dll
0x00007ffcb2920000 - 0x00007ffcb299e000 	C:\Windows\System32\bcryptPrimitives.dll
0x00007ffcb3840000 - 0x00007ffcb386e000 	C:\Windows\System32\IMM32.DLL
0x00007ffcae940000 - 0x00007ffcae94c000 	C:\Program Files\Eclipse Adoptium\jdk-17.0.9.9-hotspot\bin\vcruntime140_1.dll
0x00007ffc944c0000 - 0x00007ffc9454d000 	C:\Program Files\Eclipse Adoptium\jdk-17.0.9.9-hotspot\bin\msvcp140.dll
0x00007ffc76c50000 - 0x00007ffc778b1000 	C:\Program Files\Eclipse Adoptium\jdk-17.0.9.9-hotspot\bin\server\jvm.dll
0x00007ffcb39f0000 - 0x00007ffcb3a93000 	C:\Windows\System32\ADVAPI32.dll
0x00007ffcb3f80000 - 0x00007ffcb401e000 	C:\Windows\System32\sechost.dll
0x00007ffcb2630000 - 0x00007ffcb268d000 	C:\Windows\System32\POWRPROF.dll
0x00007ffca7b30000 - 0x00007ffca7b39000 	C:\Windows\SYSTEM32\WSOCK32.dll
0x00007ffcb4560000 - 0x00007ffcb45cd000 	C:\Windows\System32\WS2_32.dll
0x00007ffcafda0000 - 0x00007ffcafdc4000 	C:\Windows\SYSTEM32\WINMM.dll
0x00007ffca4c40000 - 0x00007ffca4c4a000 	C:\Windows\SYSTEM32\VERSION.dll
0x00007ffcafd70000 - 0x00007ffcafd9d000 	C:\Windows\SYSTEM32\WINMMBASE.dll
0x00007ffcb2c40000 - 0x00007ffcb2c8a000 	C:\Windows\System32\cfgmgr32.dll
0x00007ffcb26c0000 - 0x00007ffcb26d1000 	C:\Windows\System32\kernel.appcore.dll
0x00007ffca2d40000 - 0x00007ffca2d4a000 	C:\Program Files\Eclipse Adoptium\jdk-17.0.9.9-hotspot\bin\jimage.dll
0x00007ffc9ea70000 - 0x00007ffc9ec5d000 	C:\Windows\SYSTEM32\DBGHELP.DLL
0x00007ffc9dcd0000 - 0x00007ffc9dcfa000 	C:\Windows\SYSTEM32\dbgcore.DLL
0x00007ffca0a90000 - 0x00007ffca0ab5000 	C:\Program Files\Eclipse Adoptium\jdk-17.0.9.9-hotspot\bin\java.dll

dbghelp: loaded successfully - version: 4.0.5 - missing functions: none
symbol engine: initialized successfully - sym options: 0x614 - pdb path: .;C:\Program Files\Eclipse Adoptium\jdk-17.0.9.9-hotspot\bin;C:\Windows\SYSTEM32;C:\Windows\WinSxS\amd64_microsoft.windows.common-controls_6595b64144ccf1df_6.0.17763.615_none_05b4414a072024d4;C:\Program Files\Eclipse Adoptium\jdk-17.0.9.9-hotspot\bin\server

VM Arguments:
java_command: C:\Users\VS\AppData\Local\Temp\surefire2712780153480401047\surefirebooter-20240119112207443_3.jar C:\Users\VS\AppData\Local\Temp\surefire2712780153480401047 2024-01-19T11-22-07_044-jvmRun1 surefire-20240119112207443_1tmp surefire_0-20240119112207443_2tmp
java_class_path (initial): C:\Users\VS\AppData\Local\Temp\surefire2712780153480401047\surefirebooter-20240119112207443_3.jar
Launcher Type: SUN_STANDARD

[Global flags]
     intx CICompilerCount                          = 3                                         {product} {ergonomic}
     uint ConcGCThreads                            = 1                                         {product} {ergonomic}
     uint G1ConcRefinementThreads                  = 4                                         {product} {ergonomic}
   size_t G1HeapRegionSize                         = 1048576                                   {product} {ergonomic}
    uintx GCDrainStackTargetSize                   = 64                                        {product} {ergonomic}
   size_t InitialHeapSize                          = 132120576                                 {product} {ergonomic}
   size_t MarkStackSize                            = 4194304                                   {product} {ergonomic}
   size_t MaxHeapSize                              = 2111832064                                {product} {ergonomic}
   size_t MinHeapDeltaBytes                        = 1048576                                   {product} {ergonomic}
   size_t MinHeapSize                              = 8388608                                   {product} {ergonomic}
    uintx NonNMethodCodeHeapSize                   = 5832780                                {pd product} {ergonomic}
    uintx NonProfiledCodeHeapSize                  = 122912730                              {pd product} {ergonomic}
    uintx ProfiledCodeHeapSize                     = 122912730                              {pd product} {ergonomic}
    uintx ReservedCodeCacheSize                    = 251658240                              {pd product} {ergonomic}
     bool SegmentedCodeCache                       = true                                      {product} {ergonomic}
   size_t SoftMaxHeapSize                          = 2111832064                             {manageable} {ergonomic}
     bool UseCompressedClassPointers               = true                           {product lp64_product} {ergonomic}
     bool UseCompressedOops                        = true                           {product lp64_product} {ergonomic}
     bool UseG1GC                                  = true                                      {product} {ergonomic}
     bool UseLargePagesIndividualAllocation        = false                                  {pd product} {ergonomic}

Logging:
Log output configuration:
 #0: stdout all=warning uptime,level,tags
 #1: stderr all=off uptime,level,tags

Environment Variables:
PATH=C:\Program Files\Eclipse Adoptium\jdk-17.0.9.9-hotspot\bin;C:\Windows\system32;C:\Windows;C:\Windows\System32\Wbem;C:\Windows\System32\WindowsPowerShell\v1.0\;C:\Windows\System32\OpenSSH\;C:\Program Files (x86)\Common Files\Propellerhead Software\ReWire\;C:\Program Files\Common Files\Propellerhead Software\ReWire\;C:\Program Files\Git\cmd;C:\Users\VS\AppData\Local\Programs\Python\Launcher\;C:\Users\VS\AppData\Local\Microsoft\WindowsApps;;C:\Users\VS\AppData\Local\Programs\Microsoft VS Code\bin;C:\Program Files\JetBrains\PyCharm Community Edition 2023.3.2\bin;
USERNAME=VS
OS=Windows_NT
PROCESSOR_IDENTIFIER=Intel64 Family 6 Model 58 Stepping 9, GenuineIntel
TMP=C:\Users\VS\AppData\Local\Temp
TEMP=C:\Users\VS\AppData\Local\Temp



Periodic native trim disabled


---------------  S Y S T E M  ---------------

OS:
 Windows 10 , 64 bit Build 17763 (10.0.17763.475)
OS uptime: 9 days 19:16 hours

CPU: total 4 (initial active 4) (2 cores per cpu, 2 threads per core) family 6 model 58 stepping 9 microcode 0x20, cx8, cmov, fxsr, ht, mmx, sse, sse2, sse3, ssse3, sse4.1, sse4.2, popcnt, tsc, tscinvbit, avx, aes, erms, clmul, vzeroupper, clflush
Processor Information for all 4 processors :
  Max Mhz: 2401, Current Mhz: 2401, Mhz Limit: 2401

Memory: 4k page, system-wide physical 8055M (1268M free)
TotalPageFile size 8055M (AvailPageFile size 32M)
current process WorkingSet (physical memory assigned to process): 10M, peak: 10M
current process commit charge ("private bytes"): 52M, peak: 178M

vm_info: OpenJDK 64-Bit Server VM (17.0.9+9) for windows-amd64 JRE (17.0.9+9), built on Oct 26 2023 14:01:42 by "admin" with MS VC++ 16.10 / 16.11 (VS2019)

END.
